Sjasm Z80 Assembler v0.42c - www.xl2s.tk             [2024.04.27 - 00:39:37]

.\main.s
Errors: 0

       1   00:0000                      
       2   00:0000                      		output "main.rom"
       3   00:4000                      romheader:
       4   00:4000                      	org		#4000
       5   00:4000  41 42               	db "AB"
       6   00:4002  10 40               	word START
       7   00:4004                      	word 0,0,0,0,0,0				
       7   00:4004  00 00 00 00 00 00 00 00 00 00 00 00 
       8   00:4010                      		
       9   00:4010                      START:
      10   00:4010  3E 08               	LD A,8
      11   00:4012  CD 5F 00            	CALL #005F 
      12   00:4015  F3                  	di	
      13   00:4016  21 E4 45            	ld		hl,SONG-99		; hl vale la direccion donde se encuentra la cancion - 99
      14   00:4019  CD 58 40            	call	PT3_INIT			; Inicia el reproductor de PT3
      15   00:401C  FB                  	ei
      16   00:401D                      	;*************Poner la logica del programa desde aqui*****************/
      17   00:401D  CD 2C 40            	call mostrar_texto_en_pantalla
      18   00:4020                      	;***********************Fin de la lógica del juego********************/
      19   00:4020                      	
      20   00:4020                      loop:
      21   00:4020  76                  	halt						;sincronizacion
      22   00:4021  F3                  	di
      23   00:4022  CD 9D 45            	call	PT3_ROUT			;envia datos a al PSG
      24   00:4025  CD A5 44            	call	PT3_PLAY			;prepara el siguiente trocito de cancion que sera enviada mas tarde al PSG
      25   00:4028  FB                  	ei
      26   00:4029  C3 20 40            	jp		loop
      27   00:402C                      
      28   00:402C                      
      29   00:402C                      ;*************Poner la logica del programa desde aqui*****************/
      30   00:402C                      mostrar_texto_en_pantalla:
      31   00:402C  21 E6 46            	ld hl,mensaje       
      32   00:402F  CD 32 40                call Imprimir_mensaje_cacnion                    
      33   00:4032                      
      34   00:4032                      Imprimir_mensaje_cacnion:
      35   00:4032  7E                      ld  a,(hl)         
      36   00:4033  A7                      and a              
      37   00:4034  C8                      ret z              
      38   00:4035  CD A2 00                call #00A2         
      39   00:4038  23                      inc hl             
      40   00:4039  18 F7                   jr Imprimir_mensaje_cacnion          
      41   00:403B                      ;***********************Fin de la lógica del juego********************/
      42   00:403B                      
      43   00:403B                      	include	"include\PT3_player.s"					;replayer de PT3
       1.  00:403B                      		; --- PT3 REPLAYER WORKING ON ROM ---
       2.  00:403B                      		; --- Can be assembled with asMSX ---
       3.  00:403B                      		; --- ROM version: MSX-KUN        ---
       4.  00:403B                      		; --- asMSX version 2: SapphiRe   ---
       5.  00:403B                      
       6.  00:403B                      ; Based on MSX full version of PT3 by Dioniso
       7.  00:403B                      ;
       8.  00:403B                      ; This version of the replayer can be used with any note table
       9.  00:403B                      ; This version also allows the use of PT3 commands
      10.  00:403B                      ; First 99 bytes of each PT3 module should be stripped off
      11.  00:403B                      ;
      12.  00:403B                      ; PLAY and PSG WRITE routines seperated to allow independent calls
      13.  00:403B                      ;
      14.  00:403B                      ; ROM LENGTH: 1549 bytes
      15.  00:403B                      ; RAM LENGTH:  576 bytes
      16.  00:403B                      
      17.  00:403B                      
      18.  00:403B                      
      19.  00:403B                      ;SJASM version by BTV 2016
      20.  00:403B                      
      21.  00:403B                      
      22.  00:403B                      		; --- CONSTANT VALUES DEFINITION ---
      23.  00:403B                      
      24.  00:403B                      ;ChannelsVars
      25.  00:403B                      ;struc	CHNPRM
      26.  00:403B                      ;reset group
      27.  00:403B  (00:0000)           CHNPRM_PsInOr	equ 0	;RESB 1
      28.  00:403B  (00:0001)           CHNPRM_PsInSm	equ 1	;RESB 1
      29.  00:403B  (00:0002)           CHNPRM_CrAmSl	equ 2	;RESB 1
      30.  00:403B  (00:0003)           CHNPRM_CrNsSl	equ 3	;RESB 1
      31.  00:403B  (00:0004)           CHNPRM_CrEnSl	equ 4	;RESB 1
      32.  00:403B  (00:0005)           CHNPRM_TSlCnt	equ 5	;RESB 1
      33.  00:403B  (00:0006)           CHNPRM_CrTnSl	equ 6	;RESW 1
      34.  00:403B  (00:0008)           CHNPRM_TnAcc	equ 8	;RESW 1
      35.  00:403B  (00:000A)           CHNPRM_COnOff	equ 10	;RESB 1
      36.  00:403B                      ;reset group
      37.  00:403B                      
      38.  00:403B  (00:000B)           CHNPRM_OnOffD	equ 11	;RESB 1
      39.  00:403B                      
      40.  00:403B                      ;IX for PTDECOD here [+12]
      41.  00:403B  (00:000C)           CHNPRM_OffOnD	equ 12	;RESB 1
      42.  00:403B  (00:000D)           CHNPRM_OrnPtr	equ 13	;RESW 1
      43.  00:403B  (00:000F)           CHNPRM_SamPtr	equ 15	;RESW 1
      44.  00:403B  (00:0011)           CHNPRM_NNtSkp	equ 17	;RESB 1
      45.  00:403B  (00:0012)           CHNPRM_Note	equ 18	;RESB 1
      46.  00:403B  (00:0013)           CHNPRM_SlToNt	equ 19	;RESB 1
      47.  00:403B  (00:0014)           CHNPRM_Env_En	equ 20	;RESB 1
      48.  00:403B  (00:0015)           CHNPRM_Flags	equ 21	;RESB 1
      49.  00:403B                       ;Enabled - 0,SimpleGliss - 2
      50.  00:403B  (00:0016)           CHNPRM_TnSlDl	equ 22	;RESB 1
      51.  00:403B  (00:0017)           CHNPRM_TSlStp	equ 23	;RESW 1
      52.  00:403B  (00:0019)           CHNPRM_TnDelt	equ 25	;RESW 1
      53.  00:403B  (00:001B)           CHNPRM_NtSkCn	equ 27	;RESB 1
      54.  00:403B  (00:001C)           CHNPRM_Volume	equ 28	;RESB 1
      55.  00:403B  (00:001D)           CHNPRM_Size	equ 29	;RESB 1
      56.  00:403B                      ;endstruc
      57.  00:403B                      
      58.  00:403B                      ;struc	AR
      59.  00:403B  (00:0000)           AR_TonA		equ 0	;RESW 1
      60.  00:403B  (00:0002)           AR_TonB		equ 2	;RESW 1
      61.  00:403B  (00:0004)           AR_TonC		equ 4	;RESW 1
      62.  00:403B  (00:0006)           AR_Noise	equ 6	;RESB 1
      63.  00:403B  (00:0007)           AR_Mixer	equ 7	;RESB 1
      64.  00:403B  (00:0008)           AR_AmplA	equ 8	;RESB 1
      65.  00:403B  (00:0009)           AR_AmplB	equ 9	;RESB 1
      66.  00:403B  (00:000A)           AR_AmplC	equ 10	;RESB 1
      67.  00:403B  (00:000B)           AR_Env		equ 11	;RESW 1
      68.  00:403B  (00:000D)           AR_EnvTp	equ 13	;RESB 1
      69.  00:403B                      ;endstruc
      70.  00:403B                      
      71.  00:403B                      		; --- CODE STARTS HERE ---
      72.  00:403B                      
      73.  00:403B  21 00 F0            CHECKLP:	LD	HL,PT3_SETUP
      74.  00:403E  CB FE               		SET	7,[HL]
      75.  00:4040  CB 46               		BIT	0,[HL]
      76.  00:4042  C8                  		RET	Z
      77.  00:4043  E1                  		POP	HL
      78.  00:4044  21 7A F0            		LD	HL,DelyCnt
      79.  00:4047  34                  		INC	[HL]
      80.  00:4048  21 3E F0            		LD	HL,ChanA+CHNPRM_NtSkCn
      81.  00:404B  34                  		INC	[HL]
      82.  00:404C  AF                  PT3_MUTE:	XOR	A
      83.  00:404D  67                  		LD	H,A
      84.  00:404E  6F                  		LD	L,A
      85.  00:404F  32 48 F1            		LD	[AYREGS+AR_AmplA],A
      86.  00:4052  22 49 F1            		LD	[AYREGS+AR_AmplB],HL
      87.  00:4055  C3 9E 45            		JP	ROUT_A0
      88.  00:4058                      
      89.  00:4058                      PT3_INIT:	;HL - AddressOfModule - 100
      90.  00:4058  22 01 F0            		LD [PT3_MODADDR],HL
      91.  00:405B  E5                  		PUSH HL
      92.  00:405C  11 64 00            		LD DE,100
      93.  00:405F  19                  		ADD HL,DE
      94.  00:4060  7E                  		LD A,[HL]
      95.  00:4061  32 1C F0            		LD [PT3_Delay],A
      96.  00:4064  E5                  		PUSH HL
      97.  00:4065  DD E1               		POP IX
      98.  00:4067  19                  		ADD HL,DE
      99.  00:4068  22 03 F0            		LD [PT3_CrPsPtr],HL
     100.  00:406B  DD 5E 02            		LD E,[IX+102-100]
     101.  00:406E  19                  		ADD HL,DE
     102.  00:406F  23                  		INC HL
     103.  00:4070  22 18 F0            		LD [PT3_LPosPtr],HL
     104.  00:4073  D1                  		POP DE
     105.  00:4074  DD 6E 03            		LD L,[IX+103-100]
     106.  00:4077  DD 66 04            		LD H,[IX+104-100]
     107.  00:407A  19                  		ADD HL,DE
     108.  00:407B  22 1A F0            		LD [PT3_PatsPtr],HL
     109.  00:407E  21 A9 00            		LD HL,169
     110.  00:4081  19                  		ADD HL,DE
     111.  00:4082  22 07 F0            		LD [PT3_OrnPtrs],HL
     112.  00:4085  21 69 00            		LD HL,105
     113.  00:4088  19                  		ADD HL,DE
     114.  00:4089  22 05 F0            		LD [PT3_SAMPTRS],HL
     115.  00:408C  21 00 F0            		LD HL,PT3_SETUP
     116.  00:408F  CB BE               		RES 7,[HL]
     117.  00:4091                      
     118.  00:4091                      		; --- note table data depacker ---
     119.  00:4091                      		; Depacks first 12 tones of each tone table
     120.  00:4091                      
     121.  00:4091  11 12 46            		LD DE,T_PACK
     122.  00:4094  01 B1 F1            		LD BC,T1_+(2*49)-1
     123.  00:4097  1A                  .TP_0:		LD A,[DE]
     124.  00:4098  13                  		INC DE
     125.  00:4099  FE 1E               		CP 15*2
     126.  00:409B  30 06               		JR NC,.TP_1
     127.  00:409D  67                  		LD H,A
     128.  00:409E  1A                  		LD A,[DE]
     129.  00:409F  6F                  		LD L,A
     130.  00:40A0  13                  		INC DE
     131.  00:40A1  18 07               		JR .TP_2
     132.  00:40A3  D5                  .TP_1:		PUSH DE
     133.  00:40A4  16 00               		LD D,0
     134.  00:40A6  5F                  		LD E,A
     135.  00:40A7  19                  		ADD HL,DE
     136.  00:40A8  19                  		ADD HL,DE
     137.  00:40A9  D1                  		POP DE
     138.  00:40AA  7C                  .TP_2:		LD A,H
     139.  00:40AB  02                  		LD [BC],A
     140.  00:40AC  0B                  		DEC BC
     141.  00:40AD  7D                  		LD A,L
     142.  00:40AE  02                  		LD [BC],A
     143.  00:40AF  0B                  		DEC BC
     144.  00:40B0  D6 F0               		SUB $F0
     145.  00:40B2  20 E3               		JR NZ,.TP_0
     146.  00:40B4                      
     147.  00:40B4                      		; --- INITIALIZE PT3 VARIABLES ---
     148.  00:40B4  21 23 F0            		LD HL,VARS
     149.  00:40B7  77                  		LD [HL],A
     150.  00:40B8  11 24 F0            		LD DE,VARS+1
     151.  00:40BB  01 2C 01            		LD BC,VAR0END-VARS-1
     152.  00:40BE  ED B0               		LDIR
     153.  00:40C0                      
     154.  00:40C0  3C                  		INC A
     155.  00:40C1  32 7A F0            		LD [DelyCnt],A
     156.  00:40C4  21 01 F0            		LD HL,$F001 ;H - CHNPRM_Volume, L - CHNPRM_NtSkCn
     157.  00:40C7  22 3E F0            		LD [ChanA+CHNPRM_NtSkCn],HL
     158.  00:40CA  22 5B F0            		LD [ChanB+CHNPRM_NtSkCn],HL
     159.  00:40CD  22 78 F0            		LD [ChanC+CHNPRM_NtSkCn],HL
     160.  00:40D0                      
     161.  00:40D0  21 0E 46            		LD HL,EMPTYSAMORN
     162.  00:40D3  22 12 F0            		LD [PT3_AdInPtA],HL ;ptr to zero
     163.  00:40D6  22 30 F0            		LD [ChanA+CHNPRM_OrnPtr],HL ;ornament 0 is "0,1,0"
     164.  00:40D9  22 4D F0            		LD [ChanB+CHNPRM_OrnPtr],HL ;in all versions from
     165.  00:40DC  22 6A F0            		LD [ChanC+CHNPRM_OrnPtr],HL ;3.xx to 3.6x and VTII
     166.  00:40DF                      
     167.  00:40DF  22 32 F0            		LD [ChanA+CHNPRM_SamPtr],HL ;S1 There is no default
     168.  00:40E2  22 4F F0            		LD [ChanB+CHNPRM_SamPtr],HL ;S2 sample in PT3, so, you
     169.  00:40E5  22 6C F0            		LD [ChanC+CHNPRM_SamPtr],HL ;S3 can comment S1,2,3; see
     170.  00:40E8                      					    ;also EMPTYSAMORN comment
     171.  00:40E8                      
     172.  00:40E8                      		; --- NOTE TABLE CREATOR (c) Ivan Roshin, adapted by SapphiRe ---
     173.  00:40E8  DD 7E FF            		LD A,[IX+99-100] ;TONE TABLE NUMBER
     174.  00:40EB  17                  		RLA
     175.  00:40EC  E6 07               		AND 7
     176.  00:40EE  21 BE 45            		LD HL,NT_DATA
     177.  00:40F1  D5                  		PUSH DE
     178.  00:40F2  50                  		LD D,B		; ld d,0 (bc is 0000 after LDIR)
     179.  00:40F3  87                  		ADD A,A
     180.  00:40F4  5F                  		LD E,A
     181.  00:40F5  19                  		ADD HL,DE	; hl -> init of correct note table data
     182.  00:40F6  5E                  		LD E,[HL]
     183.  00:40F7  23                  		INC HL
     184.  00:40F8  CB 3B               		SRL E
     185.  00:40FA  9F                  		SBC A,A
     186.  00:40FB  E6 A7               		AND $A7			;$00 (NOP) or $A7 (AND A)
     187.  00:40FD  32 21 F0            		LD [PT3_NTL3],A		; CORRECT INSTRUCTION, DEPENDS OF SELECTED TABLE
     188.  00:4100  3E C9               		LD A,$C9		; RET CODE
     189.  00:4102  32 22 F0            		LD [PT3_NTL3+1],A	; RET PLACED
     190.  00:4105  EB                  		EX DE,HL
     191.  00:4106  C1                  		POP BC ;BC=T1_
     192.  00:4107  09                  		ADD HL,BC
     193.  00:4108                      
     194.  00:4108  1A                  		LD A,[DE]                           
     195.  00:4109                      
     196.  00:4109  01 CE 45            		LD BC,T_
     197.  00:410C  81                  		ADD A,C
     198.  00:410D  4F                  		LD C,A
     199.  00:410E  88                  		ADC A,B
     200.  00:410F                      
     201.  00:410F  91                  		SUB C
     202.  00:4110  47                  		LD B,A
     203.  00:4111  C5                  		PUSH BC
     204.  00:4112  11 80 F0            		LD DE,NT_
     205.  00:4115  D5                  		PUSH DE
     206.  00:4116                      
     207.  00:4116  06 0C               		LD B,12
     208.  00:4118  C5                  .L1:		PUSH BC
     209.  00:4119  4E                  		LD C,[HL]
     210.  00:411A  23                  		INC HL
     211.  00:411B  E5                  		PUSH HL
     212.  00:411C  46                  		LD B,[HL]
     213.  00:411D                      
     214.  00:411D  D5                  		PUSH DE
     215.  00:411E  EB                  		EX DE,HL
     216.  00:411F  11 17 00            		LD DE,23
     217.  00:4122  DD 26 08            		db $DD,$26,$08	;LD XH,8
     218.  00:4125                      
     219.  00:4125  CB 38               .L2:		SRL B
     220.  00:4127  CB 19               		RR C
     221.  00:4129  CD 21 F0            .L3:		CALL PT3_NTL3	;AND A or NOP
     222.  00:412C  79                  		LD A,C
     223.  00:412D  8A                  		ADC A,D	;=ADC 0
     224.  00:412E  77                  		LD [HL],A
     225.  00:412F  23                  		INC HL
     226.  00:4130  78                  		LD A,B
     227.  00:4131  8A                  		ADC A,D
     228.  00:4132  77                  		LD [HL],A
     229.  00:4133  19                  		ADD HL,DE
     230.  00:4134  DD 25               		db $DD,$25	;DEC XH
     231.  00:4136  20 ED               		JR NZ,.L2
     232.  00:4138                      
     233.  00:4138  D1                  		POP DE
     234.  00:4139  13                  		INC DE
     235.  00:413A  13                  		INC DE
     236.  00:413B  E1                  		POP HL
     237.  00:413C  23                  		INC HL
     238.  00:413D  C1                  		POP BC
     239.  00:413E  10 D8               		DJNZ .L1
     240.  00:4140                      
     241.  00:4140  E1                  		POP HL
     242.  00:4141  D1                  		POP DE
     243.  00:4142                      
     244.  00:4142  7B                  		LD A,E
     245.  00:4143  D5                  		PUSH DE
     246.  00:4144  11 DA 45            		LD DE,TCOLD_1
     247.  00:4147  BB                  		CP E
     248.  00:4148  D1                  		POP DE
     249.  00:4149  20 05               		JR NZ,.CORR_1
     250.  00:414B  3E FD               		LD A,$FD
     251.  00:414D  32 AE F0            		LD [NT_+$2E],A
     252.  00:4150                      
     253.  00:4150  1A                  .CORR_1:	LD A,[DE]
     254.  00:4151  A7                  		AND A
     255.  00:4152  28 11               		JR Z,.TC_EXIT
     256.  00:4154  1F                  		RRA
     257.  00:4155  F5                  		PUSH AF
     258.  00:4156  87                  		ADD A,A
     259.  00:4157  4F                  		LD C,A
     260.  00:4158  09                  		ADD HL,BC
     261.  00:4159  F1                  		POP AF
     262.  00:415A  30 02               		JR NC,.CORR_2
     263.  00:415C  35                  		DEC [HL]
     264.  00:415D  35                  		DEC [HL]
     265.  00:415E  34                  .CORR_2:	INC [HL]
     266.  00:415F  A7                  		AND A
     267.  00:4160  ED 42               		SBC HL,BC
     268.  00:4162  13                  		INC DE
     269.  00:4163  18 EB               		JR .CORR_1
     270.  00:4165                      
     271.  00:4165                      .TC_EXIT:	;POP AF
     272.  00:4165                      
     273.  00:4165                      		; --- CREATE PT3 VOLUME TABLE (c) Ivan Roshin, adapted by SapphiRe ---
     274.  00:4165  21 11 00            		ld	hl,$11
     275.  00:4168  54                  		ld	d,h
     276.  00:4169  5C                  		ld	e,h
     277.  00:416A  DD 21 50 F1         		ld	IX,VT_+16
     278.  00:416E  06 0F               		ld	b,15
     279.  00:4170  E5                  .INITV1:	push	hl
     280.  00:4171  19                  		add	hl,de
     281.  00:4172  EB                  		ex	de,hl
     282.  00:4173  ED 62               		sbc	hl,hl
     283.  00:4175  48                  		ld	c,b
     284.  00:4176  06 10               		ld	b,16
     285.  00:4178  7D                  .INITV2:	ld	a,l
     286.  00:4179  17                  		rla
     287.  00:417A  7C                  		ld	a,h
     288.  00:417B  CE 00               		adc	a,0
     289.  00:417D  DD 77 00            		ld	[ix],a
     290.  00:4180  DD 23               		inc	ix
     291.  00:4182  19                  		add	hl,de
     292.  00:4183  10 F3               		djnz	.INITV2
     293.  00:4185  E1                  		pop	hl
     294.  00:4186  7B                  		ld	a,e
     295.  00:4187  FE 77               		cp	$77
     296.  00:4189  20 01               		jr	nz,.INITV3
     297.  00:418B  1C                  		inc	e
     298.  00:418C  41                  .INITV3:	ld	b,c
     299.  00:418D  10 E1               		djnz	.INITV1
     300.  00:418F                      
     301.  00:418F  C9                  		RET
     302.  00:4190                      
     303.  00:4190                      		;pattern decoder
     304.  00:4190  DD 36 08 00         PD_OrSm:	LD [IX+(CHNPRM_Env_En-12)],0
     305.  00:4194  CD 1A 43            		CALL SETORN
     306.  00:4197  0A                  		LD A,[BC]
     307.  00:4198  03                  		INC BC
     308.  00:4199  0F                  		RRCA
     309.  00:419A                      
     310.  00:419A  87                  PD_SAM:		ADD A,A
     311.  00:419B  5F                  PD_SAM_:	LD E,A
     312.  00:419C  16 00               		LD D,0
     313.  00:419E  2A 05 F0            		LD HL,[PT3_SAMPTRS]
     314.  00:41A1  19                  		ADD HL,DE
     315.  00:41A2  5E                  		LD E,[HL]
     316.  00:41A3  23                  		INC HL
     317.  00:41A4  56                  		LD D,[HL]
     318.  00:41A5  2A 01 F0            		LD HL,[PT3_MODADDR]
     319.  00:41A8  19                  		ADD HL,DE
     320.  00:41A9  DD 75 03            		LD [IX+(CHNPRM_SamPtr-12)],L
     321.  00:41AC  DD 74 04            		LD [IX+(CHNPRM_SamPtr+1-12)],H
     322.  00:41AF  18 41               		JR PD_LOOP
     323.  00:41B1                      
     324.  00:41B1  07                  PD_VOL:		RLCA
     325.  00:41B2  07                  		RLCA
     326.  00:41B3  07                  		RLCA
     327.  00:41B4  07                  		RLCA
     328.  00:41B5  DD 77 10            		LD [IX+(CHNPRM_Volume-12)],A
     329.  00:41B8  18 3B               		JR PD_LP2
     330.  00:41BA                      	
     331.  00:41BA  DD 77 08            PD_EOff:	LD [IX+(CHNPRM_Env_En-12)],A
     332.  00:41BD  DD 77 F4            		LD [IX+(CHNPRM_PsInOr-12)],A
     333.  00:41C0  18 33               		JR PD_LP2
     334.  00:41C2                      
     335.  00:41C2  3D                  PD_SorE:	DEC A
     336.  00:41C3  20 07               		JR NZ,PD_ENV
     337.  00:41C5  0A                  		LD A,[BC]
     338.  00:41C6  03                  		INC BC
     339.  00:41C7  DD 77 05            		LD [IX+(CHNPRM_NNtSkp-12)],A
     340.  00:41CA  18 29               		JR PD_LP2
     341.  00:41CC                      
     342.  00:41CC  CD FE 42            PD_ENV:		CALL SETENV
     343.  00:41CF  18 24               		JR PD_LP2
     344.  00:41D1                      
     345.  00:41D1  CD 1A 43            PD_ORN:		CALL SETORN
     346.  00:41D4  18 1C               		JR PD_LOOP
     347.  00:41D6                             
     348.  00:41D6  DD 77 08            PD_ESAM:	LD [IX+(CHNPRM_Env_En-12)],A
     349.  00:41D9  DD 77 F4            		LD [IX+(CHNPRM_PsInOr-12)],A
     350.  00:41DC  C4 FE 42            		CALL NZ,SETENV
     351.  00:41DF  0A                  		LD A,[BC]
     352.  00:41E0  03                  		INC BC
     353.  00:41E1  18 B8               		JR PD_SAM_
     354.  00:41E3                      
     355.  00:41E3  DD 7E 06            PTDECOD:	LD A,[IX+(CHNPRM_Note-12)]
     356.  00:41E6  32 0F F0            		LD [PT3_PrNote],A
     357.  00:41E9  DD 6E FA            		LD L,[IX+(CHNPRM_CrTnSl-12)]
     358.  00:41EC  DD 66 FB            		LD H,[IX+(CHNPRM_CrTnSl+1-12)]
     359.  00:41EF  22 10 F0            		LD [PT3_PrSlide],HL
     360.  00:41F2                      
     361.  00:41F2  11 10 20            PD_LOOP:	LD DE,$2010
     362.  00:41F5  0A                  PD_LP2:		LD A,[BC]
     363.  00:41F6  03                  		INC BC
     364.  00:41F7  83                  		ADD A,E
     365.  00:41F8  38 96               		JR C,PD_OrSm
     366.  00:41FA  82                  		ADD A,D
     367.  00:41FB  28 4A               		JR Z,PD_FIN
     368.  00:41FD  38 9B               		JR C,PD_SAM
     369.  00:41FF  83                  		ADD A,E
     370.  00:4200  28 25               		JR Z,PD_REL
     371.  00:4202  38 AD               		JR C,PD_VOL
     372.  00:4204  83                  		ADD A,E
     373.  00:4205  28 B3               		JR Z,PD_EOff
     374.  00:4207  38 B9               		JR C,PD_SorE
     375.  00:4209  C6 60               		ADD A,96
     376.  00:420B  38 20               		JR C,PD_NOTE
     377.  00:420D  83                  		ADD A,E
     378.  00:420E  38 C1               		JR C,PD_ORN
     379.  00:4210  82                  		ADD A,D
     380.  00:4211  38 0F               		JR C,PD_NOIS
     381.  00:4213  83                  		ADD A,E
     382.  00:4214  38 C0               		JR C,PD_ESAM
     383.  00:4216  87                  		ADD A,A
     384.  00:4217  5F                  		LD E,A
     385.  00:4218  21 53 22            		LD HL,(SPCCOMS+$DF20) % 65536	; Adapted from original Speccy version (saves 6 bytes)
     386.  00:421B  19                  		ADD HL,DE
     387.  00:421C  5E                  		LD E,[HL]
     388.  00:421D  23                  		INC HL
     389.  00:421E  56                  		LD D,[HL]
     390.  00:421F  D5                  		PUSH DE
     391.  00:4220  18 D0               		JR PD_LOOP
     392.  00:4222                      
     393.  00:4222  32 7E F0            PD_NOIS:	LD [Ns_Base],A
     394.  00:4225  18 CE               		JR PD_LP2
     395.  00:4227                      
     396.  00:4227  DD CB 09 86         PD_REL:		RES 0,[IX+(CHNPRM_Flags-12)]
     397.  00:422B  18 08               		JR PD_RES
     398.  00:422D                      	
     399.  00:422D  DD 77 06            PD_NOTE:	LD [IX+(CHNPRM_Note-12)],A
     400.  00:4230  DD CB 09 C6         		SET 0,[IX+(CHNPRM_Flags-12)]
     401.  00:4234  AF                  		XOR A
     402.  00:4235                      
     403.  00:4235  ED 73 09 F0         PD_RES:		LD [PT3_PDSP],SP
     404.  00:4239  DD F9               		LD SP,IX
     405.  00:423B  67                  		LD H,A
     406.  00:423C  6F                  		LD L,A
     407.  00:423D  E5                  		PUSH HL
     408.  00:423E  E5                  		PUSH HL
     409.  00:423F  E5                  		PUSH HL
     410.  00:4240  E5                  		PUSH HL
     411.  00:4241  E5                  		PUSH HL
     412.  00:4242  E5                  		PUSH HL
     413.  00:4243  ED 7B 09 F0         		LD SP,[PT3_PDSP]
     414.  00:4247                      
     415.  00:4247  DD 7E 05            PD_FIN:		LD A,[IX+(CHNPRM_NNtSkp-12)]
     416.  00:424A  DD 77 0F            		LD [IX+(CHNPRM_NtSkCn-12)],A
     417.  00:424D  C9                  		RET
     418.  00:424E                      
     419.  00:424E  DD CB 09 96         C_PORTM:	RES 2,[IX+(CHNPRM_Flags-12)]
     420.  00:4252  0A                  		LD A,[BC]
     421.  00:4253  03                  		INC BC
     422.  00:4254                      		;SKIP PRECALCULATED TONE DELTA [BECAUSE
     423.  00:4254                      		;CANNOT BE RIGHT AFTER PT3 COMPILATION]
     424.  00:4254  03                  		INC BC
     425.  00:4255  03                  		INC BC
     426.  00:4256  DD 77 0A            		LD [IX+(CHNPRM_TnSlDl-12)],A
     427.  00:4259  DD 77 F9            		LD [IX+(CHNPRM_TSlCnt-12)],A
     428.  00:425C  11 80 F0            		LD DE,NT_
     429.  00:425F  DD 7E 06            		LD A,[IX+(CHNPRM_Note-12)]
     430.  00:4262  DD 77 07            		LD [IX+(CHNPRM_SlToNt-12)],A
     431.  00:4265  87                  		ADD A,A
     432.  00:4266  6F                  		LD L,A
     433.  00:4267  26 00               		LD H,0
     434.  00:4269  19                  		ADD HL,DE
     435.  00:426A  7E                  		LD A,[HL]
     436.  00:426B  23                  		INC HL
     437.  00:426C  66                  		LD H,[HL]
     438.  00:426D  6F                  		LD L,A
     439.  00:426E  E5                  		PUSH HL
     440.  00:426F  3A 0F F0            		LD A,[PT3_PrNote]
     441.  00:4272  DD 77 06            		LD [IX+(CHNPRM_Note-12)],A
     442.  00:4275  87                  		ADD A,A
     443.  00:4276  6F                  		LD L,A
     444.  00:4277  26 00               		LD H,0
     445.  00:4279  19                  		ADD HL,DE
     446.  00:427A  5E                  		LD E,[HL]
     447.  00:427B  23                  		INC HL
     448.  00:427C  56                  		LD D,[HL]
     449.  00:427D  E1                  		POP HL
     450.  00:427E  ED 52               		SBC HL,DE
     451.  00:4280  DD 75 0D            		LD [IX+(CHNPRM_TnDelt-12)],L
     452.  00:4283  DD 74 0E            		LD [IX+(CHNPRM_TnDelt+1-12)],H
     453.  00:4286  ED 5B 10 F0         		LD DE,[PT3_PrSlide]
     454.  00:428A  DD 73 FA            		LD [IX+(CHNPRM_CrTnSl-12)],E
     455.  00:428D  DD 72 FB            		LD [IX+(CHNPRM_CrTnSl+1-12)],D
     456.  00:4290  0A                  		LD A,[BC] ;SIGNED TONE STEP
     457.  00:4291  03                  		INC BC
     458.  00:4292  08                  		EX AF,AF'
     459.  00:4293  0A                  		LD A,[BC]
     460.  00:4294  03                  		INC BC
     461.  00:4295  A7                  		AND A
     462.  00:4296  28 01               		JR Z,.NOSIG
     463.  00:4298  EB                  		EX DE,HL
     464.  00:4299  ED 52               .NOSIG:	SBC HL,DE
     465.  00:429B  F2 A3 42            		JP P,SET_STP
     466.  00:429E  2F                  		CPL
     467.  00:429F  08                  		EX AF,AF'
     468.  00:42A0  ED 44               		NEG
     469.  00:42A2  08                  		EX AF,AF'
     470.  00:42A3  DD 77 0C            SET_STP:	LD [IX+(CHNPRM_TSlStp+1-12)],A
     471.  00:42A6  08                  		EX AF,AF'
     472.  00:42A7  DD 77 0B            		LD [IX+(CHNPRM_TSlStp-12)],A
     473.  00:42AA  DD 36 FE 00         		LD [IX+(CHNPRM_COnOff-12)],0
     474.  00:42AE  C9                  		RET
     475.  00:42AF                      
     476.  00:42AF  DD CB 09 D6         C_GLISS:	SET 2,[IX+(CHNPRM_Flags-12)]
     477.  00:42B3  0A                  		LD A,[BC]
     478.  00:42B4  03                  		INC BC
     479.  00:42B5  DD 77 0A            		LD [IX+(CHNPRM_TnSlDl-12)],A
     480.  00:42B8  DD 77 F9            		LD [IX+(CHNPRM_TSlCnt-12)],A
     481.  00:42BB  0A                  		LD A,[BC]
     482.  00:42BC  03                  		INC BC
     483.  00:42BD  08                  		EX AF,AF'
     484.  00:42BE  0A                  		LD A,[BC]
     485.  00:42BF  03                  		INC BC
     486.  00:42C0  18 E1               		JR SET_STP
     487.  00:42C2                      
     488.  00:42C2  0A                  C_SMPOS:	LD A,[BC]
     489.  00:42C3  03                  		INC BC
     490.  00:42C4  DD 77 F5            		LD [IX+(CHNPRM_PsInSm-12)],A
     491.  00:42C7  C9                  		RET
     492.  00:42C8                      
     493.  00:42C8  0A                  C_ORPOS:	LD A,[BC]
     494.  00:42C9  03                  		INC BC
     495.  00:42CA  DD 77 F4            		LD [IX+(CHNPRM_PsInOr-12)],A
     496.  00:42CD  C9                  		RET
     497.  00:42CE                      
     498.  00:42CE  0A                  C_VIBRT:	LD A,[BC]
     499.  00:42CF  03                  		INC BC
     500.  00:42D0  DD 77 FF            		LD [IX+(CHNPRM_OnOffD-12)],A
     501.  00:42D3  DD 77 FE            		LD [IX+(CHNPRM_COnOff-12)],A
     502.  00:42D6  0A                  		LD A,[BC]
     503.  00:42D7  03                  		INC BC
     504.  00:42D8  DD 77 00            		LD [IX+(CHNPRM_OffOnD-12)],A
     505.  00:42DB  AF                  		XOR A
     506.  00:42DC  DD 77 F9            		LD [IX+(CHNPRM_TSlCnt-12)],A
     507.  00:42DF  DD 77 FA            		LD [IX+(CHNPRM_CrTnSl-12)],A
     508.  00:42E2  DD 77 FB            		LD [IX+(CHNPRM_CrTnSl+1-12)],A
     509.  00:42E5  C9                  		RET
     510.  00:42E6                      
     511.  00:42E6  0A                  C_ENGLS:	LD A,[BC]
     512.  00:42E7  03                  		INC BC
     513.  00:42E8  32 1E F0            		LD [PT3_Env_Del],A
     514.  00:42EB  32 7D F0            		LD [CurEDel],A
     515.  00:42EE  0A                  		LD A,[BC]
     516.  00:42EF  03                  		INC BC
     517.  00:42F0  6F                  		LD L,A
     518.  00:42F1  0A                  		LD A,[BC]
     519.  00:42F2  03                  		INC BC
     520.  00:42F3  67                  		LD H,A
     521.  00:42F4  22 1F F0            		LD [PT3_ESldAdd],HL
     522.  00:42F7  C9                  		RET
     523.  00:42F8                      
     524.  00:42F8  0A                  C_DELAY:	LD A,[BC]
     525.  00:42F9  03                  		INC BC
     526.  00:42FA  32 1C F0            		LD [PT3_Delay],A
     527.  00:42FD  C9                  		RET
     528.  00:42FE                      	
     529.  00:42FE  DD 73 08            SETENV:		LD [IX+(CHNPRM_Env_En-12)],E
     530.  00:4301  32 4D F1            		LD [AYREGS+AR_EnvTp],A
     531.  00:4304  0A                  		LD A,[BC]
     532.  00:4305  03                  		INC BC
     533.  00:4306  67                  		LD H,A
     534.  00:4307  0A                  		LD A,[BC]
     535.  00:4308  03                  		INC BC
     536.  00:4309  6F                  		LD L,A
     537.  00:430A  22 4E F1            		LD [EnvBase],HL
     538.  00:430D  AF                  		XOR A
     539.  00:430E  DD 77 F4            		LD [IX+(CHNPRM_PsInOr-12)],A
     540.  00:4311  32 7D F0            		LD [CurEDel],A
     541.  00:4314  67                  		LD H,A
     542.  00:4315  6F                  		LD L,A
     543.  00:4316  22 7B F0            		LD [CurESld],HL
     544.  00:4319  C9                  C_NOP:		RET
     545.  00:431A                      
     546.  00:431A  87                  SETORN:		ADD A,A
     547.  00:431B  5F                  		LD E,A
     548.  00:431C  16 00               		LD D,0
     549.  00:431E  DD 72 F4            		LD [IX+(CHNPRM_PsInOr-12)],D
     550.  00:4321  2A 07 F0            		LD HL,[PT3_OrnPtrs]
     551.  00:4324  19                  		ADD HL,DE
     552.  00:4325  5E                  		LD E,[HL]
     553.  00:4326  23                  		INC HL
     554.  00:4327  56                  		LD D,[HL]
     555.  00:4328  2A 01 F0            		LD HL,[PT3_MODADDR]
     556.  00:432B  19                  		ADD HL,DE
     557.  00:432C  DD 75 01            		LD [IX+(CHNPRM_OrnPtr-12)],L
     558.  00:432F  DD 74 02            		LD [IX+(CHNPRM_OrnPtr+1-12)],H
     559.  00:4332  C9                  		RET
     560.  00:4333                      
     561.  00:4333                      		;ALL 16 ADDRESSES TO PROTECT FROM BROKEN PT3 MODULES
     562.  00:4333  19 43               SPCCOMS:	dw C_NOP
     563.  00:4335  AF 42               		dw C_GLISS
     564.  00:4337  4E 42               		dw C_PORTM
     565.  00:4339  C2 42               		dw C_SMPOS
     566.  00:433B  C8 42               		dw C_ORPOS
     567.  00:433D  CE 42               		dw C_VIBRT
     568.  00:433F  19 43               		dw C_NOP
     569.  00:4341  19 43               		dw C_NOP
     570.  00:4343  E6 42               		dw C_ENGLS
     571.  00:4345  F8 42               		dw C_DELAY
     572.  00:4347  19 43               		dw C_NOP
     573.  00:4349  19 43               		dw C_NOP
     574.  00:434B  19 43               		dw C_NOP
     575.  00:434D  19 43               		dw C_NOP
     576.  00:434F  19 43               		dw C_NOP
     577.  00:4351  19 43               		dw C_NOP
     578.  00:4353                      
     579.  00:4353  AF                  CHREGS:		XOR A
     580.  00:4354  32 4A F1            		LD [AYREGS+AR_AmplC],A
     581.  00:4357  DD CB 15 46         		BIT 0,[IX+CHNPRM_Flags]
     582.  00:435B  E5                  		PUSH HL
     583.  00:435C  CA 82 44            		JP Z,.CH_EXIT
     584.  00:435F  ED 73 0B F0         		LD [PT3_CSP],SP
     585.  00:4363  DD 6E 0D            		LD L,[IX+CHNPRM_OrnPtr]
     586.  00:4366  DD 66 0E            		LD H,[IX+CHNPRM_OrnPtr+1]
     587.  00:4369  F9                  		LD SP,HL
     588.  00:436A  D1                  		POP DE
     589.  00:436B  67                  		LD H,A
     590.  00:436C  DD 7E 00            		LD A,[IX+CHNPRM_PsInOr]
     591.  00:436F  6F                  		LD L,A
     592.  00:4370  39                  		ADD HL,SP
     593.  00:4371  3C                  		INC A
     594.  00:4372  BA                  		CP D
     595.  00:4373  38 01               		JR C,.CH_ORPS
     596.  00:4375  7B                  		LD A,E
     597.  00:4376  DD 77 00            .CH_ORPS:	LD [IX+CHNPRM_PsInOr],A
     598.  00:4379  DD 7E 12            		LD A,[IX+CHNPRM_Note]
     599.  00:437C  86                  		ADD A,[HL]
     600.  00:437D  F2 81 43            		JP P,.CH_NTP
     601.  00:4380  AF                  		XOR A
     602.  00:4381  FE 60               .CH_NTP:	CP 96
     603.  00:4383  38 02               		JR C,.CH_NOK
     604.  00:4385  3E 5F               		LD A,95
     605.  00:4387  87                  .CH_NOK:	ADD A,A
     606.  00:4388  08                  		EX AF,AF'
     607.  00:4389  DD 6E 0F            		LD L,[IX+CHNPRM_SamPtr]
     608.  00:438C  DD 66 10            		LD H,[IX+CHNPRM_SamPtr+1]
     609.  00:438F  F9                  		LD SP,HL
     610.  00:4390  D1                  		POP DE
     611.  00:4391  26 00               		LD H,0
     612.  00:4393  DD 7E 01            		LD A,[IX+CHNPRM_PsInSm]
     613.  00:4396  47                  		LD B,A
     614.  00:4397  87                  		ADD A,A
     615.  00:4398  87                  		ADD A,A
     616.  00:4399  6F                  		LD L,A
     617.  00:439A  39                  		ADD HL,SP
     618.  00:439B  F9                  		LD SP,HL
     619.  00:439C  78                  		LD A,B
     620.  00:439D  3C                  		INC A
     621.  00:439E  BA                  		CP D
     622.  00:439F  38 01               		JR C,.CH_SMPS
     623.  00:43A1  7B                  		LD A,E
     624.  00:43A2  DD 77 01            .CH_SMPS:	LD [IX+CHNPRM_PsInSm],A
     625.  00:43A5  C1                  		POP BC
     626.  00:43A6  E1                  		POP HL
     627.  00:43A7  DD 5E 08            		LD E,[IX+CHNPRM_TnAcc]
     628.  00:43AA  DD 56 09            		LD D,[IX+CHNPRM_TnAcc+1]
     629.  00:43AD  19                  		ADD HL,DE
     630.  00:43AE  CB 70               		BIT 6,B
     631.  00:43B0  28 06               		JR Z,.CH_NOAC
     632.  00:43B2  DD 75 08            		LD [IX+CHNPRM_TnAcc],L
     633.  00:43B5  DD 74 09            		LD [IX+CHNPRM_TnAcc+1],H
     634.  00:43B8  EB                  .CH_NOAC:	EX DE,HL
     635.  00:43B9  08                  		EX AF,AF'
     636.  00:43BA  6F                  		LD L,A
     637.  00:43BB  26 00               		LD H,0
     638.  00:43BD  31 80 F0            		LD SP,NT_
     639.  00:43C0  39                  		ADD HL,SP
     640.  00:43C1  F9                  		LD SP,HL
     641.  00:43C2  E1                  		POP HL
     642.  00:43C3  19                  		ADD HL,DE
     643.  00:43C4  DD 5E 06            		LD E,[IX+CHNPRM_CrTnSl]
     644.  00:43C7  DD 56 07            		LD D,[IX+CHNPRM_CrTnSl+1]
     645.  00:43CA  19                  		ADD HL,DE
     646.  00:43CB  ED 7B 0B F0         		LD SP,[PT3_CSP]
     647.  00:43CF  E3                  		EX [SP],HL
     648.  00:43D0  AF                  		XOR A
     649.  00:43D1  DD B6 05            		OR [IX+CHNPRM_TSlCnt]
     650.  00:43D4  28 3E               		JR Z,.CH_AMP
     651.  00:43D6  DD 35 05            		DEC [IX+CHNPRM_TSlCnt]
     652.  00:43D9  20 39               		JR NZ,.CH_AMP
     653.  00:43DB  DD 7E 16            		LD A,[IX+CHNPRM_TnSlDl]
     654.  00:43DE  DD 77 05            		LD [IX+CHNPRM_TSlCnt],A
     655.  00:43E1  DD 6E 17            		LD L,[IX+CHNPRM_TSlStp]
     656.  00:43E4  DD 66 18            		LD H,[IX+CHNPRM_TSlStp+1]
     657.  00:43E7  7C                  		LD A,H
     658.  00:43E8  19                  		ADD HL,DE
     659.  00:43E9  DD 75 06            		LD [IX+CHNPRM_CrTnSl],L
     660.  00:43EC  DD 74 07            		LD [IX+CHNPRM_CrTnSl+1],H
     661.  00:43EF  DD CB 15 56         		BIT 2,[IX+CHNPRM_Flags]
     662.  00:43F3  20 1F               		JR NZ,.CH_AMP
     663.  00:43F5  DD 5E 19            		LD E,[IX+CHNPRM_TnDelt]
     664.  00:43F8  DD 56 1A            		LD D,[IX+CHNPRM_TnDelt+1]
     665.  00:43FB  A7                  		AND A
     666.  00:43FC  28 01               		JR Z,.CH_STPP
     667.  00:43FE  EB                  		EX DE,HL
     668.  00:43FF  ED 52               .CH_STPP:	SBC HL,DE
     669.  00:4401  FA 14 44            		JP M,.CH_AMP
     670.  00:4404  DD 7E 13            		LD A,[IX+CHNPRM_SlToNt]
     671.  00:4407  DD 77 12            		LD [IX+CHNPRM_Note],A
     672.  00:440A  AF                  		XOR A
     673.  00:440B  DD 77 05            		LD [IX+CHNPRM_TSlCnt],A
     674.  00:440E  DD 77 06            		LD [IX+CHNPRM_CrTnSl],A
     675.  00:4411  DD 77 07            		LD [IX+CHNPRM_CrTnSl+1],A
     676.  00:4414  DD 7E 02            .CH_AMP:	LD A,[IX+CHNPRM_CrAmSl]
     677.  00:4417  CB 79               		BIT 7,C
     678.  00:4419  28 13               		JR Z,.CH_NOAM
     679.  00:441B  CB 71               		BIT 6,C
     680.  00:441D  28 07               		JR Z,.CH_AMIN
     681.  00:441F  FE 0F               		CP 15
     682.  00:4421  28 0B               		JR Z,.CH_NOAM
     683.  00:4423  3C                  		INC A
     684.  00:4424  18 05               		JR .CH_SVAM
     685.  00:4426  FE F1               .CH_AMIN:	CP -15
     686.  00:4428  28 04               		JR Z,.CH_NOAM
     687.  00:442A  3D                  		DEC A
     688.  00:442B  DD 77 02            .CH_SVAM:	LD [IX+CHNPRM_CrAmSl],A
     689.  00:442E  6F                  .CH_NOAM:	LD L,A
     690.  00:442F  78                  		LD A,B
     691.  00:4430  E6 0F               		AND 15
     692.  00:4432  85                  		ADD A,L
     693.  00:4433  F2 37 44            		JP P,.CH_APOS
     694.  00:4436  AF                  		XOR A
     695.  00:4437  FE 10               .CH_APOS:	CP 16
     696.  00:4439  38 02               		JR C,.CH_VOL
     697.  00:443B  3E 0F               		LD A,15
     698.  00:443D  DD B6 1C            .CH_VOL:	OR [IX+CHNPRM_Volume]
     699.  00:4440  6F                  		LD L,A
     700.  00:4441  26 00               		LD H,0
     701.  00:4443  11 40 F1            		LD DE,VT_
     702.  00:4446  19                  		ADD HL,DE
     703.  00:4447  7E                  		LD A,[HL]
     704.  00:4448  CB 41               .CH_ENV:	BIT 0,C
     705.  00:444A  20 03               		JR NZ,.CH_NOEN
     706.  00:444C  DD B6 14            		OR [IX+CHNPRM_Env_En]
     707.  00:444F  32 4A F1            .CH_NOEN:	LD [AYREGS+AR_AmplC],A
     708.  00:4452  CB 78               		BIT 7,B
     709.  00:4454  79                  		LD A,C
     710.  00:4455  28 19               		JR Z,.NO_ENSL
     711.  00:4457  17                  		RLA
     712.  00:4458  17                  		RLA
     713.  00:4459  CB 2F               		SRA A
     714.  00:445B  CB 2F               		SRA A
     715.  00:445D  CB 2F               		SRA A
     716.  00:445F  DD 86 04            		ADD A,[IX+CHNPRM_CrEnSl] ;SEE COMMENT BELOW
     717.  00:4462  CB 68               		BIT 5,B
     718.  00:4464  28 03               		JR Z,.NO_ENAC
     719.  00:4466  DD 77 04            		LD [IX+CHNPRM_CrEnSl],A
     720.  00:4469  21 1D F0            .NO_ENAC:	LD HL,PT3_AddToEn
     721.  00:446C  86                  		ADD A,[HL] ;BUG IN PT3 - NEED WORD HERE.
     722.  00:446D                      			   ;FIX IT IN NEXT VERSION?
     723.  00:446D  77                  		LD [HL],A
     724.  00:446E  18 0E               		JR .CH_MIX
     725.  00:4470  1F                  .NO_ENSL:	RRA
     726.  00:4471  DD 86 03            		ADD A,[IX+CHNPRM_CrNsSl]
     727.  00:4474  32 7F F0            		LD [AddToNs],A
     728.  00:4477  CB 68               		BIT 5,B
     729.  00:4479  28 03               		JR Z,.CH_MIX
     730.  00:447B  DD 77 03            		LD [IX+CHNPRM_CrNsSl],A
     731.  00:447E  78                  .CH_MIX:	LD A,B
     732.  00:447F  1F                  		RRA
     733.  00:4480  E6 48               		AND $48
     734.  00:4482  21 47 F1            .CH_EXIT:	LD HL,AYREGS+AR_Mixer
     735.  00:4485  B6                  		OR [HL]
     736.  00:4486  0F                  		RRCA
     737.  00:4487  77                  		LD [HL],A
     738.  00:4488  E1                  		POP HL
     739.  00:4489  AF                  		XOR A
     740.  00:448A  DD B6 0A            		OR [IX+CHNPRM_COnOff]
     741.  00:448D  C8                  		RET Z
     742.  00:448E  DD 35 0A            		DEC [IX+CHNPRM_COnOff]
     743.  00:4491  C0                  		RET NZ
     744.  00:4492  DD AE 15            		XOR [IX+CHNPRM_Flags]
     745.  00:4495  DD 77 15            		LD [IX+CHNPRM_Flags],A
     746.  00:4498  1F                  		RRA
     747.  00:4499  DD 7E 0B            		LD A,[IX+CHNPRM_OnOffD]
     748.  00:449C  38 03               		JR C,.CH_ONDL
     749.  00:449E  DD 7E 0C            		LD A,[IX+CHNPRM_OffOnD]
     750.  00:44A1  DD 77 0A            .CH_ONDL:	LD [IX+CHNPRM_COnOff],A
     751.  00:44A4  C9                  		RET
     752.  00:44A5                      
     753.  00:44A5  AF                  PT3_PLAY:	XOR A
     754.  00:44A6  32 1D F0            		LD [PT3_AddToEn],A
     755.  00:44A9  32 47 F1            		LD [AYREGS+AR_Mixer],A
     756.  00:44AC  3D                  		DEC A
     757.  00:44AD  32 4D F1            		LD [AYREGS+AR_EnvTp],A
     758.  00:44B0  21 7A F0            		LD HL,DelyCnt
     759.  00:44B3  35                  		DEC [HL]
     760.  00:44B4  C2 3B 45            		JP NZ,.PL2
     761.  00:44B7  21 3E F0            		LD HL,ChanA+CHNPRM_NtSkCn
     762.  00:44BA  35                  		DEC [HL]
     763.  00:44BB  20 4E               		JR NZ,.PL1B
     764.  00:44BD  ED 4B 12 F0         		LD BC,[PT3_AdInPtA]
     765.  00:44C1  0A                  		LD A,[BC]
     766.  00:44C2  A7                  		AND A
     767.  00:44C3  20 3B               		JR NZ,.PL1A
     768.  00:44C5  57                  		LD D,A
     769.  00:44C6  32 7E F0            		LD [Ns_Base],A
     770.  00:44C9  2A 03 F0            		LD HL,[PT3_CrPsPtr]
     771.  00:44CC  23                  		INC HL
     772.  00:44CD  7E                  		LD A,[HL]
     773.  00:44CE  3C                  		INC A
     774.  00:44CF  20 08               		JR NZ,.PLNLP
     775.  00:44D1  CD 3B 40            		CALL CHECKLP
     776.  00:44D4  2A 18 F0            		LD HL,[PT3_LPosPtr]
     777.  00:44D7  7E                  		LD A,[HL]
     778.  00:44D8  3C                  		INC A
     779.  00:44D9  22 03 F0            .PLNLP:	LD [PT3_CrPsPtr],HL
     780.  00:44DC  3D                  		DEC A
     781.  00:44DD  87                  		ADD A,A
     782.  00:44DE  5F                  		LD E,A
     783.  00:44DF  CB 12               		RL D
     784.  00:44E1  2A 1A F0            		LD HL,[PT3_PatsPtr]
     785.  00:44E4  19                  		ADD HL,DE
     786.  00:44E5  ED 5B 01 F0         		LD DE,[PT3_MODADDR]
     787.  00:44E9  ED 73 0D F0         		LD [PT3_PSP],SP
     788.  00:44ED  F9                  		LD SP,HL
     789.  00:44EE  E1                  		POP HL
     790.  00:44EF  19                  		ADD HL,DE
     791.  00:44F0  44                  		LD B,H
     792.  00:44F1  4D                  		LD C,L
     793.  00:44F2  E1                  		POP HL
     794.  00:44F3  19                  		ADD HL,DE
     795.  00:44F4  22 14 F0            		LD [PT3_AdInPtB],HL
     796.  00:44F7  E1                  		POP HL
     797.  00:44F8  19                  		ADD HL,DE
     798.  00:44F9  22 16 F0            		LD [PT3_AdInPtC],HL
     799.  00:44FC  ED 7B 0D F0         		LD SP,[PT3_PSP]
     800.  00:4500                      
     801.  00:4500  DD 21 2F F0         .PL1A:		LD IX,ChanA+12
     802.  00:4504  CD E3 41            		CALL PTDECOD
     803.  00:4507  ED 43 12 F0         		LD [PT3_AdInPtA],BC
     804.  00:450B                      
     805.  00:450B  21 5B F0            .PL1B:		LD HL,ChanB+CHNPRM_NtSkCn
     806.  00:450E  35                  		DEC [HL]
     807.  00:450F  20 0F               		JR NZ,.PL1C
     808.  00:4511  DD 21 4C F0         		LD IX,ChanB+12
     809.  00:4515  ED 4B 14 F0         		LD BC,[PT3_AdInPtB]
     810.  00:4519  CD E3 41            		CALL PTDECOD
     811.  00:451C  ED 43 14 F0         		LD [PT3_AdInPtB],BC
     812.  00:4520                      
     813.  00:4520  21 78 F0            .PL1C:		LD HL,ChanC+CHNPRM_NtSkCn
     814.  00:4523  35                  		DEC [HL]
     815.  00:4524  20 0F               		JR NZ,.PL1D
     816.  00:4526  DD 21 69 F0         		LD IX,ChanC+12
     817.  00:452A  ED 4B 16 F0         		LD BC,[PT3_AdInPtC]
     818.  00:452E  CD E3 41            		CALL PTDECOD
     819.  00:4531  ED 43 16 F0         		LD [PT3_AdInPtC],BC
     820.  00:4535                      
     821.  00:4535  3A 1C F0            .PL1D:		LD A,[PT3_Delay]
     822.  00:4538  32 7A F0            		LD [DelyCnt],A
     823.  00:453B                      
     824.  00:453B  DD 21 23 F0         .PL2:		LD IX,ChanA
     825.  00:453F  2A 40 F1            		LD HL,[AYREGS+AR_TonA]
     826.  00:4542  CD 53 43            		CALL CHREGS
     827.  00:4545  22 40 F1            		LD [AYREGS+AR_TonA],HL
     828.  00:4548  3A 4A F1            		LD A,[AYREGS+AR_AmplC]
     829.  00:454B  32 48 F1            		LD [AYREGS+AR_AmplA],A
     830.  00:454E  DD 21 40 F0         		LD IX,ChanB
     831.  00:4552  2A 42 F1            		LD HL,[AYREGS+AR_TonB]
     832.  00:4555  CD 53 43            		CALL CHREGS
     833.  00:4558  22 42 F1            		LD [AYREGS+AR_TonB],HL
     834.  00:455B  3A 4A F1            		LD A,[AYREGS+AR_AmplC]
     835.  00:455E  32 49 F1            		LD [AYREGS+AR_AmplB],A
     836.  00:4561  DD 21 5D F0         		LD IX,ChanC
     837.  00:4565  2A 44 F1            		LD HL,[AYREGS+AR_TonC]
     838.  00:4568  CD 53 43            		CALL CHREGS
     839.  00:456B  22 44 F1            		LD [AYREGS+AR_TonC],HL
     840.  00:456E                      
     841.  00:456E  2A 7E F0            		LD HL,[Ns_Base_AddToNs]
     842.  00:4571  7C                  		LD A,H
     843.  00:4572  85                  		ADD A,L
     844.  00:4573  32 46 F1            		LD [AYREGS+AR_Noise],A
     845.  00:4576                      
     846.  00:4576  3A 1D F0            		LD A,[PT3_AddToEn]
     847.  00:4579  5F                  		LD E,A
     848.  00:457A  87                  		ADD A,A
     849.  00:457B  9F                  		SBC A,A
     850.  00:457C  57                  		LD D,A
     851.  00:457D  2A 4E F1            		LD HL,[EnvBase]
     852.  00:4580  19                  		ADD HL,DE
     853.  00:4581  ED 5B 7B F0         		LD DE,[CurESld]
     854.  00:4585  19                  		ADD HL,DE
     855.  00:4586  22 4B F1            		LD [AYREGS+AR_Env],HL
     856.  00:4589                      
     857.  00:4589  AF                  		XOR A
     858.  00:458A  21 7D F0            		LD HL,CurEDel
     859.  00:458D  B6                  		OR [HL]
     860.  00:458E  C8                  		RET Z
     861.  00:458F  35                  		DEC [HL]
     862.  00:4590  C0                  		RET NZ
     863.  00:4591  3A 1E F0            		LD A,[PT3_Env_Del]
     864.  00:4594  77                  		LD [HL],A
     865.  00:4595  2A 1F F0            		LD HL,[PT3_ESldAdd]
     866.  00:4598  19                  		ADD HL,DE
     867.  00:4599  22 7B F0            		LD [CurESld],HL
     868.  00:459C  C9                  		RET
     869.  00:459D                      
     870.  00:459D  AF                  PT3_ROUT:	XOR A
     871.  00:459E                      	
     872.  00:459E                      ROUT_A0:	; --- FIXES BITS 6 AND 7 OF MIXER ---
     873.  00:459E  21 47 F1            		LD	HL,AYREGS+AR_Mixer
     874.  00:45A1  CB FE               		set	7,[hl]
     875.  00:45A3  CB B6               		res	6,[hl]
     876.  00:45A5                      
     877.  00:45A5  0E A0               		LD C,$A0
     878.  00:45A7  21 40 F1            		LD HL,AYREGS
     879.  00:45AA  ED 79               .LOUT:		OUT [C],A
     880.  00:45AC  0C                  		INC C
     881.  00:45AD  ED A3               		OUTI 
     882.  00:45AF  0D                  		DEC C
     883.  00:45B0  3C                  		INC A
     884.  00:45B1  FE 0D               		CP 13
     885.  00:45B3  20 F5               		JR NZ,.LOUT
     886.  00:45B5  ED 79               		OUT [C],A
     887.  00:45B7  7E                  		LD A,[HL]
     888.  00:45B8  A7                  		AND A
     889.  00:45B9  F8                  		RET M
     890.  00:45BA  0C                  		INC C
     891.  00:45BB  ED 79               		OUT [C],A
     892.  00:45BD  C9                  		RET
     893.  00:45BE                      
     894.  00:45BE  64                  NT_DATA:	db (T_NEW_0-T1_)*2
     895.  00:45BF  2A                  		db TCNEW_0-T_
     896.  00:45C0  65                  		db (T_OLD_0-T1_)*2+1
     897.  00:45C1  00                  		db TCOLD_0-T_
     898.  00:45C2  01                  		db (T_NEW_1-T1_)*2+1
     899.  00:45C3  0C                  		db TCNEW_1-T_
     900.  00:45C4  01                  		db (T_OLD_1-T1_)*2+1
     901.  00:45C5  0C                  		db TCOLD_1-T_
     902.  00:45C6  94                  		db (T_NEW_2-T1_)*2
     903.  00:45C7  35                  		db TCNEW_2-T_
     904.  00:45C8  30                  		db (T_OLD_2-T1_)*2
     905.  00:45C9  0E                  		db TCOLD_2-T_
     906.  00:45CA  60                  		db (T_NEW_3-T1_)*2
     907.  00:45CB  20                  		db TCNEW_3-T_
     908.  00:45CC  60                  		db (T_OLD_3-T1_)*2
     909.  00:45CD  21                  		db TCOLD_3-T_
     910.  00:45CE                      
     911.  00:45CE                      T_:
     912.  00:45CE                      
     913.  00:45CE                      TCOLD_0:	db $00+1,$04+1,$08+1,$0A+1,$0C+1,$0E+1,$12+1,$14+1
     913.  00:45CE  01 05 09 0B 0D 0F 13 15 
     914.  00:45D6  19 25 3D 00         		db $18+1,$24+1,$3C+1,0
     915.  00:45DA                      TCNEW_1:	
     916.  00:45DA  5D 00               TCOLD_1:	db $5C+1,0
     917.  00:45DC                      TCOLD_2:	db $30+1,$36+1,$4C+1,$52+1,$5E+1,$70+1,$82,$8C,$9C
     917.  00:45DC  31 37 4D 53 5F 71 82 8C 9C 
     918.  00:45E5                      		db $9E,$A0,$A6,$A8,$AA,$AC,$AE,$AE,0
     918.  00:45E5  9E A0 A6 A8 AA AC AE AE 00 
     919.  00:45EE  57                  TCNEW_3:	db $56+1
     920.  00:45EF                      TCOLD_3:	db $1E+1,$22+1,$24+1,$28+1,$2C+1,$2E+1,$32+1,$BE+1,0
     920.  00:45EF  1F 23 25 29 2D 2F 33 BF 00 
     921.  00:45F8                      TCNEW_0:	db $1C+1,$20+1,$22+1,$26+1,$2A+1,$2C+1,$30+1,$54+1
     921.  00:45F8  1D 21 23 27 2B 2D 31 55 
     922.  00:4600  BD BF 00            		db $BC+1,$BE+1,0
     923.  00:4603                      TCNEW_2:	db $1A+1,$20+1,$24+1,$28+1,$2A+1,$3A+1,$4C+1,$5E+1
     923.  00:4603  1B 21 25 29 2B 3B 4D 5F 
     924.  00:460B  BB BD BF            		db $BA+1,$BC+1,$BE+1
     925.  00:460E                      
     926.  00:460E  00 01 00 90         EMPTYSAMORN: 	db 0,1,0,$90 ;delete $90 if you don't need default sample
     927.  00:4612                      
     928.  00:4612                      T_PACK:		; First 12 values of tone tables (packed)
     929.  00:4612  0D                  		db ($06EC*2)/256
     930.  00:4613  D8                  		db #d8
     931.  00:4614  69                  		db $0755-$06EC
     932.  00:4615  70                  		db $07C5-$0755
     933.  00:4616  76                  		db $083B-$07C5
     934.  00:4617  7D                  		db $08B8-$083B
     935.  00:4618  85                  		db $093D-$08B8
     936.  00:4619  8D                  		db $09CA-$093D
     937.  00:461A  95                  		db $0A5F-$09CA
     938.  00:461B  9D                  		db $0AFC-$0A5F
     939.  00:461C  A8                  		db $0BA4-$0AFC
     940.  00:461D  B1                  		db $0C55-$0BA4
     941.  00:461E  BB                  		db $0D10-$0C55
     942.  00:461F  0C                  		db ($066D*2)/256
     943.  00:4620  DA                  		db #da
     944.  00:4621  62                  		db $06CF-$066D
     945.  00:4622  68                  		db $0737-$06CF
     946.  00:4623  6D                  		db $07A4-$0737
     947.  00:4624  75                  		db $0819-$07A4
     948.  00:4625  7B                  		db $0894-$0819
     949.  00:4626  83                  		db $0917-$0894
     950.  00:4627  8A                  		db $09A1-$0917
     951.  00:4628  92                  		db $0A33-$09A1
     952.  00:4629  9C                  		db $0ACF-$0A33
     953.  00:462A  A4                  		db $0B73-$0ACF
     954.  00:462B  AF                  		db $0C22-$0B73
     955.  00:462C  B8                  		db $0CDA-$0C22
     956.  00:462D  0E                  		db ($0704*2)/256
     957.  00:462E  08                  		db #08
     958.  00:462F  6A                  		db $076E-$0704
     959.  00:4630  72                  		db $07E0-$076E
     960.  00:4631  78                  		db $0858-$07E0
     961.  00:4632  7E                  		db $08D6-$0858
     962.  00:4633  86                  		db $095C-$08D6
     963.  00:4634  90                  		db $09EC-$095C
     964.  00:4635  96                  		db $0A82-$09EC
     965.  00:4636  A0                  		db $0B22-$0A82
     966.  00:4637  AA                  		db $0BCC-$0B22
     967.  00:4638  B4                  		db $0C80-$0BCC
     968.  00:4639  BE                  		db $0D3E-$0C80
     969.  00:463A  0F                  		db ($07E0*2)/256
     970.  00:463B  C0                  		db #c0
     971.  00:463C  78                  		db $0858-$07E0
     972.  00:463D  88                  		db $08E0-$0858
     973.  00:463E  80                  		db $0960-$08E0
     974.  00:463F  90                  		db $09F0-$0960
     975.  00:4640  98                  		db $0A88-$09F0
     976.  00:4641  A0                  		db $0B28-$0A88
     977.  00:4642  B0                  		db $0BD8-$0B28
     978.  00:4643  A8                  		db $0C80-$0BD8
     979.  00:4644  E0                  		db $0D60-$0C80
     980.  00:4645  B0                  		db $0E10-$0D60
     981.  00:4646  E8                  		db $0EF8-$0E10
     982.  00:4647                      
     983.  00:4647                      
     984.  00:4647                      
     985.  00:4647                      
     986.  00:4647                      
     987.  00:4647                      
     988.  00:4647                      
     989.  00:4647                      
     990.  00:4647                      
     991.  00:4647                      
     992.  00:4647                      
     993.  00:4647                      
     994.  00:4647                      
     995.  00:4647                      	;Variables del replayer... las coloco desde aqui.
     996.  00:4647                      	;mirar que hace la directiva MAP del SJASM
     997.  00:4647  (F000)              	map		#f000
     998.  00:4647                      
     999.  00:4647                      ;;;;;;;;;;;;;;;;;;;;;;;;;;;;;;;;;;;;;;PT3 REPLAYER
    1000.  00:4647  (00:F000)           PT3_SETUP:		#1	;set bit0 to 1, if you want to play without looping
    1001.  00:4647                      					;bit7 is set each time, when loop point is passed
    1002.  00:4647  (00:F001)           PT3_MODADDR:	#2
    1003.  00:4647  (00:F003)           PT3_CrPsPtr:		#2
    1004.  00:4647  (00:F005)           PT3_SAMPTRS:		#2
    1005.  00:4647  (00:F007)           PT3_OrnPtrs:		#2
    1006.  00:4647  (00:F009)           PT3_PDSP:		#2
    1007.  00:4647  (00:F00B)           PT3_CSP:		#2 
    1008.  00:4647  (00:F00D)           PT3_PSP:		#2
    1009.  00:4647  (00:F00F)           PT3_PrNote:		#1
    1010.  00:4647  (00:F010)           PT3_PrSlide:		#2
    1011.  00:4647  (00:F012)           PT3_AdInPtA:		#2
    1012.  00:4647  (00:F014)           PT3_AdInPtB:		#2
    1013.  00:4647  (00:F016)           PT3_AdInPtC:		#2
    1014.  00:4647  (00:F018)           PT3_LPosPtr:		#2
    1015.  00:4647  (00:F01A)           PT3_PatsPtr:		#2
    1016.  00:4647  (00:F01C)           PT3_Delay:		#1
    1017.  00:4647  (00:F01D)           PT3_AddToEn:		#1
    1018.  00:4647  (00:F01E)           PT3_Env_Del:		#1
    1019.  00:4647  (00:F01F)           PT3_ESldAdd:		#2
    1020.  00:4647  (00:F021)           PT3_NTL3:		#2	; AND A / NOP (note table creator)
    1021.  00:4647                      
    1022.  00:4647  (00:F023)           VARS:			#0
    1023.  00:4647                      
    1024.  00:4647  (00:F023)           ChanA:			#29			;CHNPRM_Size
    1025.  00:4647  (00:F040)           ChanB:			#29			;CHNPRM_Size
    1026.  00:4647  (00:F05D)           ChanC:			#29			;CHNPRM_Size
    1027.  00:4647                      
    1028.  00:4647                      ;GlobalVars
    1029.  00:4647  (00:F07A)           DelyCnt:		#1
    1030.  00:4647  (00:F07B)           CurESld:		#2
    1031.  00:4647  (00:F07D)           CurEDel:		#1
    1032.  00:4647  (00:F07E)           Ns_Base_AddToNs:	#0
    1033.  00:4647  (00:F07E)           Ns_Base:		#1
    1034.  00:4647  (00:F07F)           AddToNs:		#1
    1035.  00:4647                      
    1036.  00:4647  (00:F080)           NT_:			#192	; Puntero a/tabla de frecuencias
    1037.  00:4647                      
    1038.  00:4647  (00:F140)           AYREGS:			#0
    1039.  00:4647  (00:F140)           VT_:			#14
    1040.  00:4647  (00:F14E)           EnvBase:		#2
    1041.  00:4647  (00:F150)           VAR0END:		#0
    1042.  00:4647                      
    1043.  00:4647  (00:F150)           T1_:			#0		
    1044.  00:4647  (00:F150)           T_NEW_1:		#0
    1045.  00:4647  (00:F150)           T_OLD_1:		#24
    1046.  00:4647  (00:F168)           T_OLD_2:		#24
    1047.  00:4647  (00:F180)           T_NEW_3:		#0
    1048.  00:4647  (00:F180)           T_OLD_3:		#2
    1049.  00:4647  (00:F182)           T_OLD_0:		#0
    1050.  00:4647  (00:F182)           T_NEW_0:		#24
    1051.  00:4647  (00:F19A)           T_NEW_2:		#166
    1052.  00:4647                      ;;;;;;;;;;;;;;;;;;;;;;;;;;;;;;;;;;;;;;PT3 REPLAYER END
      44   00:4647                      SONG:
      45   00:4647  (009F)              	incbin "musica_sin_cabacera.pt3"			;musica de ejemplo
      46   00:46E6                      mensaje: 
      47   00:46E6                          db "Cancion juego anti-independence-catalanis ",0	
      47   00:46E6  43 61 6E 63 69 6F 6E 20 6A 75 65 67 6F 20 61 6E 
      47   00:46F6  74 69 2D 69 6E 64 65 70 65 6E 64 65 6E 63 65 2D 
      47   00:4706  63 61 74 61 6C 61 6E 69 73 20 00 
      48   00:4711                      relleno_de_bytes:
      49   00:4711  00 (14575)          	ds #8000-$		
      50   00:8000                      
      51   00:8000                      
      52   00:8000                      
      53   00:8000                      
      54   00:8000                      END
      55   00:8000                      
      56   00:8000                      

    LABELS
-------------------------------------------------
00:00004000 X romheader
00:00004010   START
00:00004020   loop
00:0000402C   mostrar_texto_en_pantalla
00:00004032   Imprimir_mensaje_cacnion
00:00000000   CHNPRM_PsInOr
00:00000001   CHNPRM_PsInSm
00:00000002   CHNPRM_CrAmSl
00:00000003   CHNPRM_CrNsSl
00:00000004   CHNPRM_CrEnSl
00:00000005   CHNPRM_TSlCnt
00:00000006   CHNPRM_CrTnSl
00:00000008   CHNPRM_TnAcc
00:0000000A   CHNPRM_COnOff
00:0000000B   CHNPRM_OnOffD
00:0000000C   CHNPRM_OffOnD
00:0000000D   CHNPRM_OrnPtr
00:0000000F   CHNPRM_SamPtr
00:00000011   CHNPRM_NNtSkp
00:00000012   CHNPRM_Note
00:00000013   CHNPRM_SlToNt
00:00000014   CHNPRM_Env_En
00:00000015   CHNPRM_Flags
00:00000016   CHNPRM_TnSlDl
00:00000017   CHNPRM_TSlStp
00:00000019   CHNPRM_TnDelt
00:0000001B   CHNPRM_NtSkCn
00:0000001C   CHNPRM_Volume
00:0000001D X CHNPRM_Size
00:00000000   AR_TonA
00:00000002   AR_TonB
00:00000004   AR_TonC
00:00000006   AR_Noise
00:00000007   AR_Mixer
00:00000008   AR_AmplA
00:00000009   AR_AmplB
00:0000000A   AR_AmplC
00:0000000B   AR_Env
00:0000000D   AR_EnvTp
00:0000403B   CHECKLP
00:0000404C X PT3_MUTE
00:00004058   PT3_INIT
00:00004097   PT3_INIT.TP_0
00:000040A3   PT3_INIT.TP_1
00:000040AA   PT3_INIT.TP_2
00:00004118   PT3_INIT.L1
00:00004125   PT3_INIT.L2
00:00004129 X PT3_INIT.L3
00:00004150   PT3_INIT.CORR_1
00:0000415E   PT3_INIT.CORR_2
00:00004165   PT3_INIT.TC_EXIT
00:00004170   PT3_INIT.INITV1
00:00004178   PT3_INIT.INITV2
00:0000418C   PT3_INIT.INITV3
00:00004190   PD_OrSm
00:0000419A   PD_SAM
00:0000419B   PD_SAM_
00:000041B1   PD_VOL
00:000041BA   PD_EOff
00:000041C2   PD_SorE
00:000041CC   PD_ENV
00:000041D1   PD_ORN
00:000041D6   PD_ESAM
00:000041E3   PTDECOD
00:000041F2   PD_LOOP
00:000041F5   PD_LP2
00:00004222   PD_NOIS
00:00004227   PD_REL
00:0000422D   PD_NOTE
00:00004235   PD_RES
00:00004247   PD_FIN
00:0000424E   C_PORTM
00:00004299   C_PORTM.NOSIG
00:000042A3   SET_STP
00:000042AF   C_GLISS
00:000042C2   C_SMPOS
00:000042C8   C_ORPOS
00:000042CE   C_VIBRT
00:000042E6   C_ENGLS
00:000042F8   C_DELAY
00:000042FE   SETENV
00:00004319   C_NOP
00:0000431A   SETORN
00:00004333   SPCCOMS
00:00004353   CHREGS
00:00004376   CHREGS.CH_ORPS
00:00004381   CHREGS.CH_NTP
00:00004387   CHREGS.CH_NOK
00:000043A2   CHREGS.CH_SMPS
00:000043B8   CHREGS.CH_NOAC
00:000043FF   CHREGS.CH_STPP
00:00004414   CHREGS.CH_AMP
00:00004426   CHREGS.CH_AMIN
00:0000442B   CHREGS.CH_SVAM
00:0000442E   CHREGS.CH_NOAM
00:00004437   CHREGS.CH_APOS
00:0000443D   CHREGS.CH_VOL
00:00004448 X CHREGS.CH_ENV
00:0000444F   CHREGS.CH_NOEN
00:00004469   CHREGS.NO_ENAC
00:00004470   CHREGS.NO_ENSL
00:0000447E   CHREGS.CH_MIX
00:00004482   CHREGS.CH_EXIT
00:000044A1   CHREGS.CH_ONDL
00:000044A5   PT3_PLAY
00:000044D9   PT3_PLAY.PLNLP
00:00004500   PT3_PLAY.PL1A
00:0000450B   PT3_PLAY.PL1B
00:00004520   PT3_PLAY.PL1C
00:00004535   PT3_PLAY.PL1D
00:0000453B   PT3_PLAY.PL2
00:0000459D   PT3_ROUT
00:0000459E   ROUT_A0
00:000045AA   ROUT_A0.LOUT
00:000045BE   NT_DATA
00:000045CE   T_
00:000045CE   TCOLD_0
00:000045DA   TCNEW_1
00:000045DA   TCOLD_1
00:000045DC   TCOLD_2
00:000045EE   TCNEW_3
00:000045EF   TCOLD_3
00:000045F8   TCNEW_0
00:00004603   TCNEW_2
00:0000460E   EMPTYSAMORN
00:00004612   T_PACK
00:0000F000   PT3_SETUP
00:0000F001   PT3_MODADDR
00:0000F003   PT3_CrPsPtr
00:0000F005   PT3_SAMPTRS
00:0000F007   PT3_OrnPtrs
00:0000F009   PT3_PDSP
00:0000F00B   PT3_CSP
00:0000F00D   PT3_PSP
00:0000F00F   PT3_PrNote
00:0000F010   PT3_PrSlide
00:0000F012   PT3_AdInPtA
00:0000F014   PT3_AdInPtB
00:0000F016   PT3_AdInPtC
00:0000F018   PT3_LPosPtr
00:0000F01A   PT3_PatsPtr
00:0000F01C   PT3_Delay
00:0000F01D   PT3_AddToEn
00:0000F01E   PT3_Env_Del
00:0000F01F   PT3_ESldAdd
00:0000F021   PT3_NTL3
00:0000F023   VARS
00:0000F023   ChanA
00:0000F040   ChanB
00:0000F05D   ChanC
00:0000F07A   DelyCnt
00:0000F07B   CurESld
00:0000F07D   CurEDel
00:0000F07E   Ns_Base_AddToNs
00:0000F07E   Ns_Base
00:0000F07F   AddToNs
00:0000F080   NT_
00:0000F140   AYREGS
00:0000F140   VT_
00:0000F14E   EnvBase
00:0000F150   VAR0END
00:0000F150   T1_
00:0000F150   T_NEW_1
00:0000F150   T_OLD_1
00:0000F168   T_OLD_2
00:0000F180   T_NEW_3
00:0000F180   T_OLD_3
00:0000F182   T_OLD_0
00:0000F182   T_NEW_0
00:0000F19A   T_NEW_2
00:00004647   SONG
00:000046E6   mensaje
00:00004711 X relleno_de_bytes
00:00008000 X END


 Output: .\main.out
-------------------------------------------------

 Page: 00
  Org: 00004000  Size: *  Used: 00000000

    No output

 Output: main.rom
-------------------------------------------------

 Page: 00
  Org: 00004000  Size: *  Used: 00004000

   Address   Length Align   Label
   00004000   16384         romheader
